<?xml version="1.0" encoding="UTF-8"?>
<testng-results ignored="0" total="1" passed="1" failed="0" skipped="0">
  <reporter-output>
  </reporter-output>
  <suite started-at="2025-04-04T16:29:15 IST" name="Default suite" finished-at="2025-04-04T16:29:15 IST" duration-ms="146">
    <groups>
    </groups>
    <test started-at="2025-04-04T16:29:15 IST" name="Default test" finished-at="2025-04-04T16:29:15 IST" duration-ms="146">
      <class name="arraysPractice.WebScreenRecording">
        <test-method signature="lanchServer()[pri:0, instance:arraysPractice.WebScreenRecording@f78a47e]" started-at="2025-04-04T16:29:15 IST" name="lanchServer" finished-at="2025-04-04T16:29:15 IST" duration-ms="52" status="PASS">
          <reporter-output>
          </reporter-output>
        </test-method> <!-- lanchServer -->
      </class> <!-- arraysPractice.WebScreenRecording -->
    </test> <!-- Default test -->
  </suite> <!-- Default suite -->
</testng-results>
